
 -----------------------------------------------------------------------
 "LAMBDA" - Least Squares Ambiguity Decorrelation Adjustment            
 Rel. 2.0b d.d. 19 MAY 1999                                             
 (c) Department of Mathematical Geodesy and Positioning (MGP)           
     Faculty of Civil Engineering and Geosciences                       
     Delft University of Technology, The Netherlands                    
 -----------------------------------------------------------------------

Original float ambiguities:

 15927906.57663
 16018005.40870
  5601275.43952
  9809147.25794
 11479015.69756
 17043257.78105

Original variance/covariance matrix (Qahat):

       13.52744       11.37547        4.53922       14.97153       -2.29156        5.60303
       11.37547       10.62181        5.30079       13.73001       -0.55902        6.46937
        4.53922        5.30079        3.68758        6.66581        1.22945        4.41820
       14.97153       13.73001        6.66581       17.93182       -0.95401        8.18511
       -2.29156       -0.55902        1.22945       -0.95401        2.33446        1.43793
        5.60303        6.46937        4.41820        8.18511        1.43793        5.38082

Number of candidates requested:

        6.00000

shifted ambiguities - increments:

        0.57663 15927906.00000
        0.40870 16018005.00000
        0.43952  5601275.00000
        0.25794  9809147.00000
        0.69756 11479015.00000
        0.78105 17043257.00000

Decorrelated Q-matrix:

        0.61878       -0.15148        0.14619        0.07407        0.11453       -0.11330
       -0.15148        0.46763        0.06141       -0.12992       -0.13921        0.08416
        0.14619        0.06141        0.34439        0.08825        0.07638        0.05606
        0.07407       -0.12992        0.08825        0.25030        0.08350        0.03563
        0.11453       -0.13921        0.07638        0.08350        0.26768       -0.10370
       -0.11330        0.08416        0.05606        0.03563       -0.10370        0.23201

Transformation matrix (Z):

       -0.00000       -0.00000        2.00000        2.00000        1.00000        0.00000
        1.00000        1.00000        1.00000       -2.00000       -1.00000        0.00000
       -2.00000       -2.00000       -1.00000        1.00000        0.00000        1.00000
       -1.00000        0.00000       -2.00000       -1.00000        0.00000        0.00000
        0.00000        1.00000        2.00000        0.00000        1.00000        0.00000
        2.00000        0.00000        0.00000        1.00000        0.00000       -1.00000

L-matrix, as used in 'search':

        1.00000        0.00000        0.00000        0.00000        0.00000        0.00000
       -0.33043        1.00000        0.00000        0.00000        0.00000        0.00000
        0.47963        0.37403        1.00000        0.00000        0.00000        0.00000
        0.31356       -0.48562        0.17025        1.00000        0.00000        0.00000
        0.28866       -0.45901        0.45833        0.44918        1.00000        0.00000
       -0.48834        0.36275        0.24165        0.15356       -0.44697        1.00000

D-matrix, as used in 'search':

        0.42802        0.30429        0.27854        0.20017        0.22133        0.23201

Transformed reduced ambiguities:

        0.83382
        0.22722
        2.00167
        1.29849
        0.86549
       -0.34153

Chi-squared, size of the search-ellipsoid:

       13.82809

Fixed transformed 'reduced' ambiguities:

        1.00000        1.00000        1.00000        0.00000        0.00000        2.00000
        0.00000        0.00000        0.00000        1.00000        0.00000        0.00000
        2.00000        2.00000        2.00000        2.00000        2.00000        2.00000
        1.00000        2.00000        1.00000        1.00000        1.00000        1.00000
        1.00000        1.00000        1.00000        1.00000        1.00000        1.00000
       -1.00000        0.00000        0.00000        0.00000        0.00000       -1.00000

Corresponding squared norms:

        2.60678        2.81548        2.87963        3.53123        3.66473        3.71672

Final fixed ambiguities:

 15927911.00000 15927903.00000 15927903.00000 15927906.00000 15927907.00000 15927907.00000
 16018010.00000 16018002.00000 16018003.00000 16018004.00000 16018006.00000 16018007.00000
  5601278.00000  5601274.00000  5601275.00000  5601274.00000  5601276.00000  5601277.00000
  9809153.00000  9809143.00000  9809144.00000  9809146.00000  9809148.00000  9809149.00000
 11479016.00000 11479016.00000 11479017.00000 11479015.00000 11479016.00000 11479017.00000
 17043261.00000 17043256.00000 17043257.00000 17043256.00000 17043258.00000 17043260.00000

